[2018-06-26 20:19:26] production.ERROR: array_keys() expects parameter 1 to be array, integer given {"exception":"[object] (ErrorException(code: 0): array_keys() expects parameter 1 to be array, integer given at C:\\Users\\lucas\\ICS4105-GroupProject-master\\vendor\\fideloper\\proxy\\src\\TrustProxies.php:162)
[stacktrace]
#0 [internal function]: Illuminate\\Foundation\\Bootstrap\\HandleExceptions->handleError(2, 'array_keys() ex...', 'C:\\\\Users\\\\lucas\\\\...', 162, Array)
#1 C:\\Users\\lucas\\ICS4105-GroupProject-master\\vendor\\fideloper\\proxy\\src\\TrustProxies.php(162): array_keys(30)
#2 C:\\Users\\lucas\\ICS4105-GroupProject-master\\vendor\\fideloper\\proxy\\src\\TrustProxies.php(98): Fideloper\\Proxy\\TrustProxies->getTrustedHeaderSet()
#3 C:\\Users\\lucas\\ICS4105-GroupProject-master\\vendor\\fideloper\\proxy\\src\\TrustProxies.php(70): Fideloper\\Proxy\\TrustProxies->setTrustedProxyIpAddressesToSpecificIps(Object(Illuminate\\Http\\Request), Array)
#4 C:\\Users\\lucas\\ICS4105-GroupProject-master\\vendor\\fideloper\\proxy\\src\\TrustProxies.php(54): Fideloper\\Proxy\\TrustProxies->setTrustedProxyIpAddresses(Object(Illuminate\\Http\\Request))
#5 C:\\Users\\lucas\\ICS4105-GroupProject-master\\vendor\\laravel\\framework\\src\\Illuminate\\Pipeline\\Pipeline.php(149): Fideloper\\Proxy\\TrustProxies->handle(Object(Illuminate\\Http\\Request), Object(Closure))
#6 C:\\Users\\lucas\\ICS4105-GroupProject-master\\vendor\\laravel\\framework\\src\\Illuminate\\Routing\\Pipeline.php(53): Illuminate\\Pipeline\\Pipeline->Illuminate\\Pipeline\\{closure}(Object(Illuminate\\Http\\Request))
#7 C:\\Users\\lucas\\ICS4105-GroupProject-master\\vendor\\laravel\\framework\\src\\Illuminate\\Foundation\\Http\\Middleware\\TransformsRequest.php(30): Illuminate\\Routing\\Pipeline->Illuminate\\Routing\\{closure}(Object(Illuminate\\Http\\Request))
#8 C:\\Users\\lucas\\ICS4105-GroupProject-master\\vendor\\laravel\\framework\\src\\Illuminate\\Pipeline\\Pipeline.php(149): Illuminate\\Foundation\\Http\\Middleware\\TransformsRequest->handle(Object(Illuminate\\Http\\Request), Object(Closure))
#9 C:\\Users\\lucas\\ICS4105-GroupProject-master\\vendor\\laravel\\framework\\src\\Illuminate\\Routing\\Pipeline.php(53): Illuminate\\Pipeline\\Pipeline->Illuminate\\Pipeline\\{closure}(Object(Illuminate\\Http\\Request))
#10 C:\\Users\\lucas\\ICS4105-GroupProject-master\\vendor\\laravel\\framework\\src\\Illuminate\\Foundation\\Http\\Middleware\\TransformsRequest.php(30): Illuminate\\Routing\\Pipeline->Illuminate\\Routing\\{closure}(Object(Illuminate\\Http\\Request))
#11 C:\\Users\\lucas\\ICS4105-GroupProject-master\\vendor\\laravel\\framework\\src\\Illuminate\\Pipeline\\Pipeline.php(149): Illuminate\\Foundation\\Http\\Middleware\\TransformsRequest->handle(Object(Illuminate\\Http\\Request), Object(Closure))
#12 C:\\Users\\lucas\\ICS4105-GroupProject-master\\vendor\\laravel\\framework\\src\\Illuminate\\Routing\\Pipeline.php(53): Illuminate\\Pipeline\\Pipeline->Illuminate\\Pipeline\\{closure}(Object(Illuminate\\Http\\Request))
#13 C:\\Users\\lucas\\ICS4105-GroupProject-master\\vendor\\laravel\\framework\\src\\Illuminate\\Foundation\\Http\\Middleware\\ValidatePostSize.php(27): Illuminate\\Routing\\Pipeline->Illuminate\\Routing\\{closure}(Object(Illuminate\\Http\\Request))
#14 C:\\Users\\lucas\\ICS4105-GroupProject-master\\vendor\\laravel\\framework\\src\\Illuminate\\Pipeline\\Pipeline.php(149): Illuminate\\Foundation\\Http\\Middleware\\ValidatePostSize->handle(Object(Illuminate\\Http\\Request), Object(Closure))
#15 C:\\Users\\lucas\\ICS4105-GroupProject-master\\vendor\\laravel\\framework\\src\\Illuminate\\Routing\\Pipeline.php(53): Illuminate\\Pipeline\\Pipeline->Illuminate\\Pipeline\\{closure}(Object(Illuminate\\Http\\Request))
#16 C:\\Users\\lucas\\ICS4105-GroupProject-master\\vendor\\laravel\\framework\\src\\Illuminate\\Foundation\\Http\\Middleware\\CheckForMaintenanceMode.php(46): Illuminate\\Routing\\Pipeline->Illuminate\\Routing\\{closure}(Object(Illuminate\\Http\\Request))
#17 C:\\Users\\lucas\\ICS4105-GroupProject-master\\vendor\\laravel\\framework\\src\\Illuminate\\Pipeline\\Pipeline.php(149): Illuminate\\Foundation\\Http\\Middleware\\CheckForMaintenanceMode->handle(Object(Illuminate\\Http\\Request), Object(Closure))
#18 C:\\Users\\lucas\\ICS4105-GroupProject-master\\vendor\\laravel\\framework\\src\\Illuminate\\Routing\\Pipeline.php(53): Illuminate\\Pipeline\\Pipeline->Illuminate\\Pipeline\\{closure}(Object(Illuminate\\Http\\Request))
#19 C:\\Users\\lucas\\ICS4105-GroupProject-master\\vendor\\laravel\\framework\\src\\Illuminate\\Pipeline\\Pipeline.php(102): Illuminate\\Routing\\Pipeline->Illuminate\\Routing\\{closure}(Object(Illuminate\\Http\\Request))
#20 C:\\Users\\lucas\\ICS4105-GroupProject-master\\vendor\\laravel\\framework\\src\\Illuminate\\Foundation\\Http\\Kernel.php(151): Illuminate\\Pipeline\\Pipeline->then(Object(Closure))
#21 C:\\Users\\lucas\\ICS4105-GroupProject-master\\vendor\\laravel\\framework\\src\\Illuminate\\Foundation\\Http\\Kernel.php(116): Illuminate\\Foundation\\Http\\Kernel->sendRequestThroughRouter(Object(Illuminate\\Http\\Request))
#22 C:\\Users\\lucas\\ICS4105-GroupProject-master\\public\\index.php(55): Illuminate\\Foundation\\Http\\Kernel->handle(Object(Illuminate\\Http\\Request))
#23 C:\\Users\\lucas\\ICS4105-GroupProject-master\\server.php(21): require_once('C:\\\\Users\\\\lucas\\\\...')
#24 {main}
"} 
[2018-06-26 20:22:41] production.ERROR: array_keys() expects parameter 1 to be array, integer given {"exception":"[object] (ErrorException(code: 0): array_keys() expects parameter 1 to be array, integer given at C:\\Users\\lucas\\ICS4105-GroupProject-master\\vendor\\fideloper\\proxy\\src\\TrustProxies.php:162)
[stacktrace]
#0 [internal function]: Illuminate\\Foundation\\Bootstrap\\HandleExceptions->handleError(2, 'array_keys() ex...', 'C:\\\\Users\\\\lucas\\\\...', 162, Array)
#1 C:\\Users\\lucas\\ICS4105-GroupProject-master\\vendor\\fideloper\\proxy\\src\\TrustProxies.php(162): array_keys(30)
#2 C:\\Users\\lucas\\ICS4105-GroupProject-master\\vendor\\fideloper\\proxy\\src\\TrustProxies.php(98): Fideloper\\Proxy\\TrustProxies->getTrustedHeaderSet()
#3 C:\\Users\\lucas\\ICS4105-GroupProject-master\\vendor\\fideloper\\proxy\\src\\TrustProxies.php(70): Fideloper\\Proxy\\TrustProxies->setTrustedProxyIpAddressesToSpecificIps(Object(Illuminate\\Http\\Request), Array)
#4 C:\\Users\\lucas\\ICS4105-GroupProject-master\\vendor\\fideloper\\proxy\\src\\TrustProxies.php(54): Fideloper\\Proxy\\TrustProxies->setTrustedProxyIpAddresses(Object(Illuminate\\Http\\Request))
#5 C:\\Users\\lucas\\ICS4105-GroupProject-master\\vendor\\laravel\\framework\\src\\Illuminate\\Pipeline\\Pipeline.php(149): Fideloper\\Proxy\\TrustProxies->handle(Object(Illuminate\\Http\\Request), Object(Closure))
#6 C:\\Users\\lucas\\ICS4105-GroupProject-master\\vendor\\laravel\\framework\\src\\Illuminate\\Routing\\Pipeline.php(53): Illuminate\\Pipeline\\Pipeline->Illuminate\\Pipeline\\{closure}(Object(Illuminate\\Http\\Request))
#7 C:\\Users\\lucas\\ICS4105-GroupProject-master\\vendor\\laravel\\framework\\src\\Illuminate\\Foundation\\Http\\Middleware\\TransformsRequest.php(30): Illuminate\\Routing\\Pipeline->Illuminate\\Routing\\{closure}(Object(Illuminate\\Http\\Request))
#8 C:\\Users\\lucas\\ICS4105-GroupProject-master\\vendor\\laravel\\framework\\src\\Illuminate\\Pipeline\\Pipeline.php(149): Illuminate\\Foundation\\Http\\Middleware\\TransformsRequest->handle(Object(Illuminate\\Http\\Request), Object(Closure))
#9 C:\\Users\\lucas\\ICS4105-GroupProject-master\\vendor\\laravel\\framework\\src\\Illuminate\\Routing\\Pipeline.php(53): Illuminate\\Pipeline\\Pipeline->Illuminate\\Pipeline\\{closure}(Object(Illuminate\\Http\\Request))
#10 C:\\Users\\lucas\\ICS4105-GroupProject-master\\vendor\\laravel\\framework\\src\\Illuminate\\Foundation\\Http\\Middleware\\TransformsRequest.php(30): Illuminate\\Routing\\Pipeline->Illuminate\\Routing\\{closure}(Object(Illuminate\\Http\\Request))
#11 C:\\Users\\lucas\\ICS4105-GroupProject-master\\vendor\\laravel\\framework\\src\\Illuminate\\Pipeline\\Pipeline.php(149): Illuminate\\Foundation\\Http\\Middleware\\TransformsRequest->handle(Object(Illuminate\\Http\\Request), Object(Closure))
#12 C:\\Users\\lucas\\ICS4105-GroupProject-master\\vendor\\laravel\\framework\\src\\Illuminate\\Routing\\Pipeline.php(53): Illuminate\\Pipeline\\Pipeline->Illuminate\\Pipeline\\{closure}(Object(Illuminate\\Http\\Request))
#13 C:\\Users\\lucas\\ICS4105-GroupProject-master\\vendor\\laravel\\framework\\src\\Illuminate\\Foundation\\Http\\Middleware\\ValidatePostSize.php(27): Illuminate\\Routing\\Pipeline->Illuminate\\Routing\\{closure}(Object(Illuminate\\Http\\Request))
#14 C:\\Users\\lucas\\ICS4105-GroupProject-master\\vendor\\laravel\\framework\\src\\Illuminate\\Pipeline\\Pipeline.php(149): Illuminate\\Foundation\\Http\\Middleware\\ValidatePostSize->handle(Object(Illuminate\\Http\\Request), Object(Closure))
#15 C:\\Users\\lucas\\ICS4105-GroupProject-master\\vendor\\laravel\\framework\\src\\Illuminate\\Routing\\Pipeline.php(53): Illuminate\\Pipeline\\Pipeline->Illuminate\\Pipeline\\{closure}(Object(Illuminate\\Http\\Request))
#16 C:\\Users\\lucas\\ICS4105-GroupProject-master\\vendor\\laravel\\framework\\src\\Illuminate\\Foundation\\Http\\Middleware\\CheckForMaintenanceMode.php(46): Illuminate\\Routing\\Pipeline->Illuminate\\Routing\\{closure}(Object(Illuminate\\Http\\Request))
#17 C:\\Users\\lucas\\ICS4105-GroupProject-master\\vendor\\laravel\\framework\\src\\Illuminate\\Pipeline\\Pipeline.php(149): Illuminate\\Foundation\\Http\\Middleware\\CheckForMaintenanceMode->handle(Object(Illuminate\\Http\\Request), Object(Closure))
#18 C:\\Users\\lucas\\ICS4105-GroupProject-master\\vendor\\laravel\\framework\\src\\Illuminate\\Routing\\Pipeline.php(53): Illuminate\\Pipeline\\Pipeline->Illuminate\\Pipeline\\{closure}(Object(Illuminate\\Http\\Request))
#19 C:\\Users\\lucas\\ICS4105-GroupProject-master\\vendor\\laravel\\framework\\src\\Illuminate\\Pipeline\\Pipeline.php(102): Illuminate\\Routing\\Pipeline->Illuminate\\Routing\\{closure}(Object(Illuminate\\Http\\Request))
#20 C:\\Users\\lucas\\ICS4105-GroupProject-master\\vendor\\laravel\\framework\\src\\Illuminate\\Foundation\\Http\\Kernel.php(151): Illuminate\\Pipeline\\Pipeline->then(Object(Closure))
#21 C:\\Users\\lucas\\ICS4105-GroupProject-master\\vendor\\laravel\\framework\\src\\Illuminate\\Foundation\\Http\\Kernel.php(116): Illuminate\\Foundation\\Http\\Kernel->sendRequestThroughRouter(Object(Illuminate\\Http\\Request))
#22 C:\\Users\\lucas\\ICS4105-GroupProject-master\\public\\index.php(55): Illuminate\\Foundation\\Http\\Kernel->handle(Object(Illuminate\\Http\\Request))
#23 C:\\Users\\lucas\\ICS4105-GroupProject-master\\server.php(21): require_once('C:\\\\Users\\\\lucas\\\\...')
#24 {main}
"} 
[2018-06-26 20:23:05] production.ERROR: array_keys() expects parameter 1 to be array, integer given {"exception":"[object] (ErrorException(code: 0): array_keys() expects parameter 1 to be array, integer given at C:\\Users\\lucas\\ICS4105-GroupProject-master\\vendor\\fideloper\\proxy\\src\\TrustProxies.php:162)
[stacktrace]
#0 [internal function]: Illuminate\\Foundation\\Bootstrap\\HandleExceptions->handleError(2, 'array_keys() ex...', 'C:\\\\Users\\\\lucas\\\\...', 162, Array)
#1 C:\\Users\\lucas\\ICS4105-GroupProject-master\\vendor\\fideloper\\proxy\\src\\TrustProxies.php(162): array_keys(30)
#2 C:\\Users\\lucas\\ICS4105-GroupProject-master\\vendor\\fideloper\\proxy\\src\\TrustProxies.php(98): Fideloper\\Proxy\\TrustProxies->getTrustedHeaderSet()
#3 C:\\Users\\lucas\\ICS4105-GroupProject-master\\vendor\\fideloper\\proxy\\src\\TrustProxies.php(70): Fideloper\\Proxy\\TrustProxies->setTrustedProxyIpAddressesToSpecificIps(Object(Illuminate\\Http\\Request), Array)
#4 C:\\Users\\lucas\\ICS4105-GroupProject-master\\vendor\\fideloper\\proxy\\src\\TrustProxies.php(54): Fideloper\\Proxy\\TrustProxies->setTrustedProxyIpAddresses(Object(Illuminate\\Http\\Request))
#5 C:\\Users\\lucas\\ICS4105-GroupProject-master\\vendor\\laravel\\framework\\src\\Illuminate\\Pipeline\\Pipeline.php(149): Fideloper\\Proxy\\TrustProxies->handle(Object(Illuminate\\Http\\Request), Object(Closure))
#6 C:\\Users\\lucas\\ICS4105-GroupProject-master\\vendor\\laravel\\framework\\src\\Illuminate\\Routing\\Pipeline.php(53): Illuminate\\Pipeline\\Pipeline->Illuminate\\Pipeline\\{closure}(Object(Illuminate\\Http\\Request))
#7 C:\\Users\\lucas\\ICS4105-GroupProject-master\\vendor\\laravel\\framework\\src\\Illuminate\\Foundation\\Http\\Middleware\\TransformsRequest.php(30): Illuminate\\Routing\\Pipeline->Illuminate\\Routing\\{closure}(Object(Illuminate\\Http\\Request))
#8 C:\\Users\\lucas\\ICS4105-GroupProject-master\\vendor\\laravel\\framework\\src\\Illuminate\\Pipeline\\Pipeline.php(149): Illuminate\\Foundation\\Http\\Middleware\\TransformsRequest->handle(Object(Illuminate\\Http\\Request), Object(Closure))
#9 C:\\Users\\lucas\\ICS4105-GroupProject-master\\vendor\\laravel\\framework\\src\\Illuminate\\Routing\\Pipeline.php(53): Illuminate\\Pipeline\\Pipeline->Illuminate\\Pipeline\\{closure}(Object(Illuminate\\Http\\Request))
#10 C:\\Users\\lucas\\ICS4105-GroupProject-master\\vendor\\laravel\\framework\\src\\Illuminate\\Foundation\\Http\\Middleware\\TransformsRequest.php(30): Illuminate\\Routing\\Pipeline->Illuminate\\Routing\\{closure}(Object(Illuminate\\Http\\Request))
#11 C:\\Users\\lucas\\ICS4105-GroupProject-master\\vendor\\laravel\\framework\\src\\Illuminate\\Pipeline\\Pipeline.php(149): Illuminate\\Foundation\\Http\\Middleware\\TransformsRequest->handle(Object(Illuminate\\Http\\Request), Object(Closure))
#12 C:\\Users\\lucas\\ICS4105-GroupProject-master\\vendor\\laravel\\framework\\src\\Illuminate\\Routing\\Pipeline.php(53): Illuminate\\Pipeline\\Pipeline->Illuminate\\Pipeline\\{closure}(Object(Illuminate\\Http\\Request))
#13 C:\\Users\\lucas\\ICS4105-GroupProject-master\\vendor\\laravel\\framework\\src\\Illuminate\\Foundation\\Http\\Middleware\\ValidatePostSize.php(27): Illuminate\\Routing\\Pipeline->Illuminate\\Routing\\{closure}(Object(Illuminate\\Http\\Request))
#14 C:\\Users\\lucas\\ICS4105-GroupProject-master\\vendor\\laravel\\framework\\src\\Illuminate\\Pipeline\\Pipeline.php(149): Illuminate\\Foundation\\Http\\Middleware\\ValidatePostSize->handle(Object(Illuminate\\Http\\Request), Object(Closure))
#15 C:\\Users\\lucas\\ICS4105-GroupProject-master\\vendor\\laravel\\framework\\src\\Illuminate\\Routing\\Pipeline.php(53): Illuminate\\Pipeline\\Pipeline->Illuminate\\Pipeline\\{closure}(Object(Illuminate\\Http\\Request))
#16 C:\\Users\\lucas\\ICS4105-GroupProject-master\\vendor\\laravel\\framework\\src\\Illuminate\\Foundation\\Http\\Middleware\\CheckForMaintenanceMode.php(46): Illuminate\\Routing\\Pipeline->Illuminate\\Routing\\{closure}(Object(Illuminate\\Http\\Request))
#17 C:\\Users\\lucas\\ICS4105-GroupProject-master\\vendor\\laravel\\framework\\src\\Illuminate\\Pipeline\\Pipeline.php(149): Illuminate\\Foundation\\Http\\Middleware\\CheckForMaintenanceMode->handle(Object(Illuminate\\Http\\Request), Object(Closure))
#18 C:\\Users\\lucas\\ICS4105-GroupProject-master\\vendor\\laravel\\framework\\src\\Illuminate\\Routing\\Pipeline.php(53): Illuminate\\Pipeline\\Pipeline->Illuminate\\Pipeline\\{closure}(Object(Illuminate\\Http\\Request))
#19 C:\\Users\\lucas\\ICS4105-GroupProject-master\\vendor\\laravel\\framework\\src\\Illuminate\\Pipeline\\Pipeline.php(102): Illuminate\\Routing\\Pipeline->Illuminate\\Routing\\{closure}(Object(Illuminate\\Http\\Request))
#20 C:\\Users\\lucas\\ICS4105-GroupProject-master\\vendor\\laravel\\framework\\src\\Illuminate\\Foundation\\Http\\Kernel.php(151): Illuminate\\Pipeline\\Pipeline->then(Object(Closure))
#21 C:\\Users\\lucas\\ICS4105-GroupProject-master\\vendor\\laravel\\framework\\src\\Illuminate\\Foundation\\Http\\Kernel.php(116): Illuminate\\Foundation\\Http\\Kernel->sendRequestThroughRouter(Object(Illuminate\\Http\\Request))
#22 C:\\Users\\lucas\\ICS4105-GroupProject-master\\public\\index.php(55): Illuminate\\Foundation\\Http\\Kernel->handle(Object(Illuminate\\Http\\Request))
#23 C:\\Users\\lucas\\ICS4105-GroupProject-master\\server.php(21): require_once('C:\\\\Users\\\\lucas\\\\...')
#24 {main}
"} 
[2018-06-26 20:41:16] production.ERROR: array_keys() expects parameter 1 to be array, integer given {"exception":"[object] (ErrorException(code: 0): array_keys() expects parameter 1 to be array, integer given at C:\\Users\\lucas\\ICS4105-GroupProject-master\\vendor\\fideloper\\proxy\\src\\TrustProxies.php:162)
[stacktrace]
#0 [internal function]: Illuminate\\Foundation\\Bootstrap\\HandleExceptions->handleError(2, 'array_keys() ex...', 'C:\\\\Users\\\\lucas\\\\...', 162, Array)
#1 C:\\Users\\lucas\\ICS4105-GroupProject-master\\vendor\\fideloper\\proxy\\src\\TrustProxies.php(162): array_keys(30)
#2 C:\\Users\\lucas\\ICS4105-GroupProject-master\\vendor\\fideloper\\proxy\\src\\TrustProxies.php(98): Fideloper\\Proxy\\TrustProxies->getTrustedHeaderSet()
#3 C:\\Users\\lucas\\ICS4105-GroupProject-master\\vendor\\fideloper\\proxy\\src\\TrustProxies.php(70): Fideloper\\Proxy\\TrustProxies->setTrustedProxyIpAddressesToSpecificIps(Object(Illuminate\\Http\\Request), Array)
#4 C:\\Users\\lucas\\ICS4105-GroupProject-master\\vendor\\fideloper\\proxy\\src\\TrustProxies.php(54): Fideloper\\Proxy\\TrustProxies->setTrustedProxyIpAddresses(Object(Illuminate\\Http\\Request))
#5 C:\\Users\\lucas\\ICS4105-GroupProject-master\\vendor\\laravel\\framework\\src\\Illuminate\\Pipeline\\Pipeline.php(149): Fideloper\\Proxy\\TrustProxies->handle(Object(Illuminate\\Http\\Request), Object(Closure))
#6 C:\\Users\\lucas\\ICS4105-GroupProject-master\\vendor\\laravel\\framework\\src\\Illuminate\\Routing\\Pipeline.php(53): Illuminate\\Pipeline\\Pipeline->Illuminate\\Pipeline\\{closure}(Object(Illuminate\\Http\\Request))
#7 C:\\Users\\lucas\\ICS4105-GroupProject-master\\vendor\\laravel\\framework\\src\\Illuminate\\Foundation\\Http\\Middleware\\TransformsRequest.php(30): Illuminate\\Routing\\Pipeline->Illuminate\\Routing\\{closure}(Object(Illuminate\\Http\\Request))
#8 C:\\Users\\lucas\\ICS4105-GroupProject-master\\vendor\\laravel\\framework\\src\\Illuminate\\Pipeline\\Pipeline.php(149): Illuminate\\Foundation\\Http\\Middleware\\TransformsRequest->handle(Object(Illuminate\\Http\\Request), Object(Closure))
#9 C:\\Users\\lucas\\ICS4105-GroupProject-master\\vendor\\laravel\\framework\\src\\Illuminate\\Routing\\Pipeline.php(53): Illuminate\\Pipeline\\Pipeline->Illuminate\\Pipeline\\{closure}(Object(Illuminate\\Http\\Request))
#10 C:\\Users\\lucas\\ICS4105-GroupProject-master\\vendor\\laravel\\framework\\src\\Illuminate\\Foundation\\Http\\Middleware\\TransformsRequest.php(30): Illuminate\\Routing\\Pipeline->Illuminate\\Routing\\{closure}(Object(Illuminate\\Http\\Request))
#11 C:\\Users\\lucas\\ICS4105-GroupProject-master\\vendor\\laravel\\framework\\src\\Illuminate\\Pipeline\\Pipeline.php(149): Illuminate\\Foundation\\Http\\Middleware\\TransformsRequest->handle(Object(Illuminate\\Http\\Request), Object(Closure))
#12 C:\\Users\\lucas\\ICS4105-GroupProject-master\\vendor\\laravel\\framework\\src\\Illuminate\\Routing\\Pipeline.php(53): Illuminate\\Pipeline\\Pipeline->Illuminate\\Pipeline\\{closure}(Object(Illuminate\\Http\\Request))
#13 C:\\Users\\lucas\\ICS4105-GroupProject-master\\vendor\\laravel\\framework\\src\\Illuminate\\Foundation\\Http\\Middleware\\ValidatePostSize.php(27): Illuminate\\Routing\\Pipeline->Illuminate\\Routing\\{closure}(Object(Illuminate\\Http\\Request))
#14 C:\\Users\\lucas\\ICS4105-GroupProject-master\\vendor\\laravel\\framework\\src\\Illuminate\\Pipeline\\Pipeline.php(149): Illuminate\\Foundation\\Http\\Middleware\\ValidatePostSize->handle(Object(Illuminate\\Http\\Request), Object(Closure))
#15 C:\\Users\\lucas\\ICS4105-GroupProject-master\\vendor\\laravel\\framework\\src\\Illuminate\\Routing\\Pipeline.php(53): Illuminate\\Pipeline\\Pipeline->Illuminate\\Pipeline\\{closure}(Object(Illuminate\\Http\\Request))
#16 C:\\Users\\lucas\\ICS4105-GroupProject-master\\vendor\\laravel\\framework\\src\\Illuminate\\Foundation\\Http\\Middleware\\CheckForMaintenanceMode.php(46): Illuminate\\Routing\\Pipeline->Illuminate\\Routing\\{closure}(Object(Illuminate\\Http\\Request))
#17 C:\\Users\\lucas\\ICS4105-GroupProject-master\\vendor\\laravel\\framework\\src\\Illuminate\\Pipeline\\Pipeline.php(149): Illuminate\\Foundation\\Http\\Middleware\\CheckForMaintenanceMode->handle(Object(Illuminate\\Http\\Request), Object(Closure))
#18 C:\\Users\\lucas\\ICS4105-GroupProject-master\\vendor\\laravel\\framework\\src\\Illuminate\\Routing\\Pipeline.php(53): Illuminate\\Pipeline\\Pipeline->Illuminate\\Pipeline\\{closure}(Object(Illuminate\\Http\\Request))
#19 C:\\Users\\lucas\\ICS4105-GroupProject-master\\vendor\\laravel\\framework\\src\\Illuminate\\Pipeline\\Pipeline.php(102): Illuminate\\Routing\\Pipeline->Illuminate\\Routing\\{closure}(Object(Illuminate\\Http\\Request))
#20 C:\\Users\\lucas\\ICS4105-GroupProject-master\\vendor\\laravel\\framework\\src\\Illuminate\\Foundation\\Http\\Kernel.php(151): Illuminate\\Pipeline\\Pipeline->then(Object(Closure))
#21 C:\\Users\\lucas\\ICS4105-GroupProject-master\\vendor\\laravel\\framework\\src\\Illuminate\\Foundation\\Http\\Kernel.php(116): Illuminate\\Foundation\\Http\\Kernel->sendRequestThroughRouter(Object(Illuminate\\Http\\Request))
#22 C:\\Users\\lucas\\ICS4105-GroupProject-master\\public\\index.php(55): Illuminate\\Foundation\\Http\\Kernel->handle(Object(Illuminate\\Http\\Request))
#23 C:\\Users\\lucas\\ICS4105-GroupProject-master\\server.php(21): require_once('C:\\\\Users\\\\lucas\\\\...')
#24 {main}
"} 
[2018-06-26 20:41:21] production.ERROR: array_keys() expects parameter 1 to be array, integer given {"exception":"[object] (ErrorException(code: 0): array_keys() expects parameter 1 to be array, integer given at C:\\Users\\lucas\\ICS4105-GroupProject-master\\vendor\\fideloper\\proxy\\src\\TrustProxies.php:162)
[stacktrace]
#0 [internal function]: Illuminate\\Foundation\\Bootstrap\\HandleExceptions->handleError(2, 'array_keys() ex...', 'C:\\\\Users\\\\lucas\\\\...', 162, Array)
#1 C:\\Users\\lucas\\ICS4105-GroupProject-master\\vendor\\fideloper\\proxy\\src\\TrustProxies.php(162): array_keys(30)
#2 C:\\Users\\lucas\\ICS4105-GroupProject-master\\vendor\\fideloper\\proxy\\src\\TrustProxies.php(98): Fideloper\\Proxy\\TrustProxies->getTrustedHeaderSet()
#3 C:\\Users\\lucas\\ICS4105-GroupProject-master\\vendor\\fideloper\\proxy\\src\\TrustProxies.php(70): Fideloper\\Proxy\\TrustProxies->setTrustedProxyIpAddressesToSpecificIps(Object(Illuminate\\Http\\Request), Array)
#4 C:\\Users\\lucas\\ICS4105-GroupProject-master\\vendor\\fideloper\\proxy\\src\\TrustProxies.php(54): Fideloper\\Proxy\\TrustProxies->setTrustedProxyIpAddresses(Object(Illuminate\\Http\\Request))
#5 C:\\Users\\lucas\\ICS4105-GroupProject-master\\vendor\\laravel\\framework\\src\\Illuminate\\Pipeline\\Pipeline.php(149): Fideloper\\Proxy\\TrustProxies->handle(Object(Illuminate\\Http\\Request), Object(Closure))
#6 C:\\Users\\lucas\\ICS4105-GroupProject-master\\vendor\\laravel\\framework\\src\\Illuminate\\Routing\\Pipeline.php(53): Illuminate\\Pipeline\\Pipeline->Illuminate\\Pipeline\\{closure}(Object(Illuminate\\Http\\Request))
#7 C:\\Users\\lucas\\ICS4105-GroupProject-master\\vendor\\laravel\\framework\\src\\Illuminate\\Foundation\\Http\\Middleware\\TransformsRequest.php(30): Illuminate\\Routing\\Pipeline->Illuminate\\Routing\\{closure}(Object(Illuminate\\Http\\Request))
#8 C:\\Users\\lucas\\ICS4105-GroupProject-master\\vendor\\laravel\\framework\\src\\Illuminate\\Pipeline\\Pipeline.php(149): Illuminate\\Foundation\\Http\\Middleware\\TransformsRequest->handle(Object(Illuminate\\Http\\Request), Object(Closure))
#9 C:\\Users\\lucas\\ICS4105-GroupProject-master\\vendor\\laravel\\framework\\src\\Illuminate\\Routing\\Pipeline.php(53): Illuminate\\Pipeline\\Pipeline->Illuminate\\Pipeline\\{closure}(Object(Illuminate\\Http\\Request))
#10 C:\\Users\\lucas\\ICS4105-GroupProject-master\\vendor\\laravel\\framework\\src\\Illuminate\\Foundation\\Http\\Middleware\\TransformsRequest.php(30): Illuminate\\Routing\\Pipeline->Illuminate\\Routing\\{closure}(Object(Illuminate\\Http\\Request))
#11 C:\\Users\\lucas\\ICS4105-GroupProject-master\\vendor\\laravel\\framework\\src\\Illuminate\\Pipeline\\Pipeline.php(149): Illuminate\\Foundation\\Http\\Middleware\\TransformsRequest->handle(Object(Illuminate\\Http\\Request), Object(Closure))
#12 C:\\Users\\lucas\\ICS4105-GroupProject-master\\vendor\\laravel\\framework\\src\\Illuminate\\Routing\\Pipeline.php(53): Illuminate\\Pipeline\\Pipeline->Illuminate\\Pipeline\\{closure}(Object(Illuminate\\Http\\Request))
#13 C:\\Users\\lucas\\ICS4105-GroupProject-master\\vendor\\laravel\\framework\\src\\Illuminate\\Foundation\\Http\\Middleware\\ValidatePostSize.php(27): Illuminate\\Routing\\Pipeline->Illuminate\\Routing\\{closure}(Object(Illuminate\\Http\\Request))
#14 C:\\Users\\lucas\\ICS4105-GroupProject-master\\vendor\\laravel\\framework\\src\\Illuminate\\Pipeline\\Pipeline.php(149): Illuminate\\Foundation\\Http\\Middleware\\ValidatePostSize->handle(Object(Illuminate\\Http\\Request), Object(Closure))
#15 C:\\Users\\lucas\\ICS4105-GroupProject-master\\vendor\\laravel\\framework\\src\\Illuminate\\Routing\\Pipeline.php(53): Illuminate\\Pipeline\\Pipeline->Illuminate\\Pipeline\\{closure}(Object(Illuminate\\Http\\Request))
#16 C:\\Users\\lucas\\ICS4105-GroupProject-master\\vendor\\laravel\\framework\\src\\Illuminate\\Foundation\\Http\\Middleware\\CheckForMaintenanceMode.php(46): Illuminate\\Routing\\Pipeline->Illuminate\\Routing\\{closure}(Object(Illuminate\\Http\\Request))
#17 C:\\Users\\lucas\\ICS4105-GroupProject-master\\vendor\\laravel\\framework\\src\\Illuminate\\Pipeline\\Pipeline.php(149): Illuminate\\Foundation\\Http\\Middleware\\CheckForMaintenanceMode->handle(Object(Illuminate\\Http\\Request), Object(Closure))
#18 C:\\Users\\lucas\\ICS4105-GroupProject-master\\vendor\\laravel\\framework\\src\\Illuminate\\Routing\\Pipeline.php(53): Illuminate\\Pipeline\\Pipeline->Illuminate\\Pipeline\\{closure}(Object(Illuminate\\Http\\Request))
#19 C:\\Users\\lucas\\ICS4105-GroupProject-master\\vendor\\laravel\\framework\\src\\Illuminate\\Pipeline\\Pipeline.php(102): Illuminate\\Routing\\Pipeline->Illuminate\\Routing\\{closure}(Object(Illuminate\\Http\\Request))
#20 C:\\Users\\lucas\\ICS4105-GroupProject-master\\vendor\\laravel\\framework\\src\\Illuminate\\Foundation\\Http\\Kernel.php(151): Illuminate\\Pipeline\\Pipeline->then(Object(Closure))
#21 C:\\Users\\lucas\\ICS4105-GroupProject-master\\vendor\\laravel\\framework\\src\\Illuminate\\Foundation\\Http\\Kernel.php(116): Illuminate\\Foundation\\Http\\Kernel->sendRequestThroughRouter(Object(Illuminate\\Http\\Request))
#22 C:\\Users\\lucas\\ICS4105-GroupProject-master\\public\\index.php(55): Illuminate\\Foundation\\Http\\Kernel->handle(Object(Illuminate\\Http\\Request))
#23 C:\\Users\\lucas\\ICS4105-GroupProject-master\\server.php(21): require_once('C:\\\\Users\\\\lucas\\\\...')
#24 {main}
"} 
